[13-Oct-2023 12:53:13 UTC] PHP Deprecated:  Automatic conversion of false to array is deprecated in C:\Users\DANIEL ADASHO\Local Sites\codeable\app\public\wp-content\plugins\woocommerce\src\Admin\DataSourcePoller.php on line 138
[13-Oct-2023 13:03:30 UTC] PHP Fatal error:  Uncaught Error: Class "WpChangeAdminEmailPlugin\WpChangeAdminEmailPlugin" not found in C:\Users\DANIEL ADASHO\Local Sites\codeable\app\public\wp-content\plugins\wp-change-admin-email\includes\change_mail_function.php:3
Stack trace:
#0 C:\Users\DANIEL ADASHO\Local Sites\codeable\app\public\wp-content\plugins\wp-change-admin-email\wp-change-admin-email.php(21): require_once()
#1 C:\Users\DANIEL ADASHO\Local Sites\codeable\app\public\wp-settings.php(462): include_once('C:\\Users\\DANIEL...')
#2 C:\Users\DANIEL ADASHO\Local Sites\codeable\app\public\wp-config.php(103): require_once('C:\\Users\\DANIEL...')
#3 C:\Users\DANIEL ADASHO\Local Sites\codeable\app\public\wp-load.php(50): require_once('C:\\Users\\DANIEL...')
#4 C:\Users\DANIEL ADASHO\Local Sites\codeable\app\public\wp-admin\admin-ajax.php(22): require_once('C:\\Users\\DANIEL...')
#5 {main}
  thrown in C:\Users\DANIEL ADASHO\Local Sites\codeable\app\public\wp-content\plugins\wp-change-admin-email\includes\change_mail_function.php on line 3
[13-Oct-2023 13:03:39 UTC] PHP Fatal error:  Uncaught Error: Class "WpChangeAdminEmailPlugin\WpChangeAdminEmailPlugin" not found in C:\Users\DANIEL ADASHO\Local Sites\codeable\app\public\wp-content\plugins\wp-change-admin-email\includes\change_mail_function.php:3
Stack trace:
#0 C:\Users\DANIEL ADASHO\Local Sites\codeable\app\public\wp-content\plugins\wp-change-admin-email\wp-change-admin-email.php(21): require_once()
#1 C:\Users\DANIEL ADASHO\Local Sites\codeable\app\public\wp-settings.php(462): include_once('C:\\Users\\DANIEL...')
#2 C:\Users\DANIEL ADASHO\Local Sites\codeable\app\public\wp-config.php(103): require_once('C:\\Users\\DANIEL...')
#3 C:\Users\DANIEL ADASHO\Local Sites\codeable\app\public\wp-load.php(50): require_once('C:\\Users\\DANIEL...')
#4 C:\Users\DANIEL ADASHO\Local Sites\codeable\app\public\wp-admin\admin.php(34): require_once('C:\\Users\\DANIEL...')
#5 C:\Users\DANIEL ADASHO\Local Sites\codeable\app\public\wp-admin\plugins.php(10): require_once('C:\\Users\\DANIEL...')
#6 {main}
  thrown in C:\Users\DANIEL ADASHO\Local Sites\codeable\app\public\wp-content\plugins\wp-change-admin-email\includes\change_mail_function.php on line 3
[13-Oct-2023 13:03:39 UTC] PHP Notice:  Function is_embed was called <strong>incorrectly</strong>. Conditional query tags do not work before the query is run. Before then, they always return false. Please see <a href="https://wordpress.org/documentation/article/debugging-in-wordpress/">Debugging in WordPress</a> for more information. (This message was added in version 3.1.0.) in C:\Users\DANIEL ADASHO\Local Sites\codeable\app\public\wp-includes\functions.php on line 5905
[13-Oct-2023 13:03:39 UTC] PHP Notice:  Function is_search was called <strong>incorrectly</strong>. Conditional query tags do not work before the query is run. Before then, they always return false. Please see <a href="https://wordpress.org/documentation/article/debugging-in-wordpress/">Debugging in WordPress</a> for more information. (This message was added in version 3.1.0.) in C:\Users\DANIEL ADASHO\Local Sites\codeable\app\public\wp-includes\functions.php on line 5905
[13-Oct-2023 13:06:24 UTC] PHP Warning:  Undefined array key "wp-change-admin-email-test-email-nonce" in C:\Users\DANIEL ADASHO\Local Sites\codeable\app\public\wp-content\plugins\wp-change-admin-email\includes\change_mail_function.php on line 10
